[INFO  - 2017-06-12T12:23:28.946Z] GhostDriver - Main - running on port 8159
[INFO  - 2017-06-12T12:23:32.319Z] Session [f2e19580-4f69-11e7-8195-07f48ded8444] - page.settings - {"XSSAuditingEnabled":false,"javascriptCanCloseWindows":true,"javascriptCanOpenWindows":true,"javascriptEnabled":true,"loadImages":true,"localToRemoteUrlAccessEnabled":false,"userAgent":"Mozilla/5.0 (Windows NT 6.2; WOW64) AppleWebKit/538.1 (KHTML, like Gecko) PhantomJS/2.1.1 Safari/538.1","webSecurityEnabled":true}
[INFO  - 2017-06-12T12:23:32.319Z] Session [f2e19580-4f69-11e7-8195-07f48ded8444] - page.customHeaders:  - {}
[INFO  - 2017-06-12T12:23:32.319Z] Session [f2e19580-4f69-11e7-8195-07f48ded8444] - Session.negotiatedCapabilities - {"browserName":"phantomjs","version":"2.1.1","driverName":"ghostdriver","driverVersion":"1.2.0","platform":"windows-10-32bit","javascriptEnabled":true,"takesScreenshot":true,"handlesAlerts":false,"databaseEnabled":false,"locationContextEnabled":false,"applicationCacheEnabled":false,"browserConnectionEnabled":false,"cssSelectorsEnabled":true,"webStorageEnabled":false,"rotatable":false,"acceptSslCerts":false,"nativeEvents":true,"proxy":{"proxyType":"direct"}}
[INFO  - 2017-06-12T12:23:32.319Z] SessionManagerReqHand - _postNewSessionCommand - New Session Created: f2e19580-4f69-11e7-8195-07f48ded8444
[INFO  - 2017-06-12T12:28:28.943Z] SessionManagerReqHand - _cleanupWindowlessSessions - Asynchronous Sessions clean-up phase starting NOW
[INFO  - 2017-06-12T12:33:28.943Z] SessionManagerReqHand - _cleanupWindowlessSessions - Asynchronous Sessions clean-up phase starting NOW
[INFO  - 2017-06-12T12:38:28.943Z] SessionManagerReqHand - _cleanupWindowlessSessions - Asynchronous Sessions clean-up phase starting NOW
[INFO  - 2017-06-12T12:43:28.942Z] SessionManagerReqHand - _cleanupWindowlessSessions - Asynchronous Sessions clean-up phase starting NOW
[INFO  - 2017-06-12T12:48:28.942Z] SessionManagerReqHand - _cleanupWindowlessSessions - Asynchronous Sessions clean-up phase starting NOW
[INFO  - 2017-06-12T12:53:28.942Z] SessionManagerReqHand - _cleanupWindowlessSessions - Asynchronous Sessions clean-up phase starting NOW
[INFO  - 2017-06-12T12:58:28.943Z] SessionManagerReqHand - _cleanupWindowlessSessions - Asynchronous Sessions clean-up phase starting NOW
[INFO  - 2017-06-12T13:03:28.943Z] SessionManagerReqHand - _cleanupWindowlessSessions - Asynchronous Sessions clean-up phase starting NOW
[INFO  - 2017-06-12T13:08:28.943Z] SessionManagerReqHand - _cleanupWindowlessSessions - Asynchronous Sessions clean-up phase starting NOW
[INFO  - 2017-06-12T13:13:28.944Z] SessionManagerReqHand - _cleanupWindowlessSessions - Asynchronous Sessions clean-up phase starting NOW
[INFO  - 2017-06-12T13:18:28.944Z] SessionManagerReqHand - _cleanupWindowlessSessions - Asynchronous Sessions clean-up phase starting NOW
[INFO  - 2017-06-12T13:18:15.626Z] SessionManagerReqHand - _cleanupWindowlessSessions - Asynchronous Sessions clean-up phase starting NOW
=======
[INFO  - 2017-06-12T09:10:54.910Z] GhostDriver - Main - running on port 13141
[INFO  - 2017-06-12T09:10:55.926Z] Session [0abc6920-4f4f-11e7-baf3-0be71f7903ae] - page.settings - {"XSSAuditingEnabled":false,"javascriptCanCloseWindows":true,"javascriptCanOpenWindows":true,"javascriptEnabled":true,"loadImages":true,"localToRemoteUrlAccessEnabled":false,"userAgent":"Mozilla/5.0 (Windows NT 6.2; WOW64) AppleWebKit/538.1 (KHTML, like Gecko) PhantomJS/2.1.1 Safari/538.1","webSecurityEnabled":true}
[INFO  - 2017-06-12T09:10:55.926Z] Session [0abc6920-4f4f-11e7-baf3-0be71f7903ae] - page.customHeaders:  - {}
[INFO  - 2017-06-12T09:10:55.927Z] Session [0abc6920-4f4f-11e7-baf3-0be71f7903ae] - Session.negotiatedCapabilities - {"browserName":"phantomjs","version":"2.1.1","driverName":"ghostdriver","driverVersion":"1.2.0","platform":"windows-10-32bit","javascriptEnabled":true,"takesScreenshot":true,"handlesAlerts":false,"databaseEnabled":false,"locationContextEnabled":false,"applicationCacheEnabled":false,"browserConnectionEnabled":false,"cssSelectorsEnabled":true,"webStorageEnabled":false,"rotatable":false,"acceptSslCerts":false,"nativeEvents":true,"proxy":{"proxyType":"direct"}}
[INFO  - 2017-06-12T09:10:55.927Z] SessionManagerReqHand - _postNewSessionCommand - New Session Created: 0abc6920-4f4f-11e7-baf3-0be71f7903ae
[ERROR - 2017-06-12T09:11:08.158Z] Session [0abc6920-4f4f-11e7-baf3-0be71f7903ae] - page.onError - msg: TypeError: undefined is not a constructor (evaluating 'topLinks.includes("gift-cards")')

  phantomjs://platform/console++.js:263 in error
[ERROR - 2017-06-12T09:11:08.158Z] Session [0abc6920-4f4f-11e7-baf3-0be71f7903ae] - page.onError - stack:
  (anonymous function) (http://www.matchesfashion.com/_ui/rwd/common/scripts/MF/MF.footer.js:192)
  each (http://www.matchesfashion.com/_ui/rwd/common/scripts/bower_components/jquery/jquery.min.js:2)
  setHeaderLinks (http://www.matchesfashion.com/_ui/rwd/common/scripts/MF/MF.footer.js:189)
  updateFooter (http://www.matchesfashion.com/_ui/rwd/common/scripts/MF/MF.footer.js:242)
  init (http://www.matchesfashion.com/_ui/rwd/common/scripts/MF/MF.footer.js:21)

  phantomjs://platform/console++.js:263 in error
[ERROR - 2017-06-12T09:11:08.363Z] Session [0abc6920-4f4f-11e7-baf3-0be71f7903ae] - page.onError - msg: TypeError: undefined is not a constructor (evaluating '$element.on('ended', function(ev) {
              this.currentTime = 0;
              this.play();
            }, false)')

  phantomjs://platform/console++.js:263 in error
[ERROR - 2017-06-12T09:11:08.363Z] Session [0abc6920-4f4f-11e7-baf3-0be71f7903ae] - page.onError - stack:
  (anonymous function) (http://assets.matchesfashion.com/content/js/editorials/2015/Shared/LAZY-LOADED-HOMEPAGE/homepage.lazy.shared.js:254)
  each (http://www.matchesfashion.com/_ui/rwd/common/scripts/bower_components/jquery/jquery.min.js:2)
  handleVideos (http://assets.matchesfashion.com/content/js/editorials/2015/Shared/LAZY-LOADED-HOMEPAGE/homepage.lazy.shared.js:250)
  updatePage (http://assets.matchesfashion.com/content/js/editorials/2015/Shared/LAZY-LOADED-HOMEPAGE/homepage.lazy.shared.js:500)
  init (http://assets.matchesfashion.com/content/js/editorials/2015/Shared/LAZY-LOADED-HOMEPAGE/homepage.lazy.shared.js:530)
  (anonymous function) (http://assets.matchesfashion.com/content/js/editorials/2015/Shared/LAZY-LOADED-HOMEPAGE/homepage.lazy.shared.js:668)
  l (http://www.matchesfashion.com/_ui/rwd/common/scripts/bower_components/jquery/jquery.min.js:2)
  fireWith (http://www.matchesfashion.com/_ui/rwd/common/scripts/bower_components/jquery/jquery.min.js:2)
  ready (http://www.matchesfashion.com/_ui/rwd/common/scripts/bower_components/jquery/jquery.min.js:2)
  A (http://www.matchesfashion.com/_ui/rwd/common/scripts/bower_components/jquery/jquery.min.js:2)

  phantomjs://platform/console++.js:263 in error
[ERROR - 2017-06-12T09:11:08.492Z] Session [0abc6920-4f4f-11e7-baf3-0be71f7903ae] - page.onError - msg: TypeError: undefined is not a constructor (evaluating 'google_tag_manager["GTM-PFZXNL"].macro('gtm21').startsWith("en")')

  phantomjs://platform/console++.js:263 in error
[ERROR - 2017-06-12T09:11:08.493Z] Session [0abc6920-4f4f-11e7-baf3-0be71f7903ae] - page.onError - stack:
  global code (http://www.matchesfashion.com/intl/mens:1)
  insertBefore (:0)
  (anonymous function) (http://www.googletagmanager.com/gtm.js?id=GTM-PFZXNL:87)
  $h (http://www.googletagmanager.com/gtm.js?id=GTM-PFZXNL:89)
  xf (http://www.googletagmanager.com/gtm.js?id=GTM-PFZXNL:40)
  (anonymous function) (http://www.googletagmanager.com/gtm.js?id=GTM-PFZXNL:121)
  Dk (http://www.googletagmanager.com/gtm.js?id=GTM-PFZXNL:117)
  Rk (http://www.googletagmanager.com/gtm.js?id=GTM-PFZXNL:129)
  eg (http://www.googletagmanager.com/gtm.js?id=GTM-PFZXNL:130)
  rg (http://www.googletagmanager.com/gtm.js?id=GTM-PFZXNL:51)
  push (http://www.googletagmanager.com/gtm.js?id=GTM-PFZXNL:52)
  (anonymous function) (http://www.googletagmanager.com/gtm.js?id=GTM-PFZXNL:52)

  phantomjs://platform/console++.js:263 in error
[ERROR - 2017-06-12T09:11:09.248Z] Session [0abc6920-4f4f-11e7-baf3-0be71f7903ae] - page.onError - msg: TypeError: undefined is not an object (evaluating 'd.opt')

  phantomjs://platform/console++.js:263 in error
[ERROR - 2017-06-12T09:11:09.248Z] Session [0abc6920-4f4f-11e7-baf3-0be71f7903ae] - page.onError - stack:
  _mousewheel (http://www.matchesfashion.com/_ui/rwd/common/scripts/vendors/jquery.mCustomScrollbar.js:1253)
  (anonymous function) (http://www.matchesfashion.com/_ui/rwd/common/scripts/vendors/jquery.mCustomScrollbar.js:982)

  phantomjs://platform/console++.js:263 in error
[ERROR - 2017-06-12T09:11:09.362Z] Session [0abc6920-4f4f-11e7-baf3-0be71f7903ae] - page.onError - msg: TypeError: undefined is not an object (evaluating '$heroSlider.redrawSlider')

  phantomjs://platform/console++.js:263 in error
[ERROR - 2017-06-12T09:11:09.362Z] Session [0abc6920-4f4f-11e7-baf3-0be71f7903ae] - page.onError - stack:
  (anonymous function) (http://assets.matchesfashion.com/content/js/editorials/2015/Shared/LAZY-LOADED-HOMEPAGE/homepage.lazy.shared.js:243)

  phantomjs://platform/console++.js:263 in error
[ERROR - 2017-06-12T09:11:35.452Z] Session [0abc6920-4f4f-11e7-baf3-0be71f7903ae] - page.onError - msg: Personalize call failed.

  phantomjs://platform/console++.js:263 in error
[ERROR - 2017-06-12T09:11:35.453Z] Session [0abc6920-4f4f-11e7-baf3-0be71f7903ae] - page.onError - stack:
  D (http://ak.sail-horizon.com/onsite/personalize.v0.0.4.min.js:1)
  u (http://ak.sail-horizon.com/onsite/personalize.v0.0.4.min.js:2)
  fireWith (http://ak.sail-horizon.com/onsite/personalize.v0.0.4.min.js:2)
  r (http://ak.sail-horizon.com/onsite/personalize.v0.0.4.min.js:3)
  abort (http://ak.sail-horizon.com/onsite/personalize.v0.0.4.min.js:3)
  (anonymous function) (http://ak.sail-horizon.com/onsite/personalize.v0.0.4.min.js:3)

  phantomjs://platform/console++.js:263 in error
